mode: atomic
github.com/p12s/fake-device/telsh/discard_logger.go:4.62,4.63 0 0
github.com/p12s/fake-device/telsh/discard_logger.go:5.62,5.63 0 39
github.com/p12s/fake-device/telsh/discard_logger.go:6.62,6.63 0 0
github.com/p12s/fake-device/telsh/discard_logger.go:8.62,8.63 0 0
github.com/p12s/fake-device/telsh/discard_logger.go:9.62,9.63 0 0
github.com/p12s/fake-device/telsh/discard_logger.go:10.62,10.63 0 0
github.com/p12s/fake-device/telsh/discard_logger.go:12.62,12.63 0 0
github.com/p12s/fake-device/telsh/discard_logger.go:13.62,13.63 0 0
github.com/p12s/fake-device/telsh/discard_logger.go:14.62,14.63 0 0
github.com/p12s/fake-device/telsh/discard_logger.go:16.61,16.62 0 0
github.com/p12s/fake-device/telsh/discard_logger.go:17.61,17.62 0 0
github.com/p12s/fake-device/telsh/discard_logger.go:18.61,18.62 0 0
github.com/p12s/fake-device/telsh/handler.go:69.65,75.29 5 0
github.com/p12s/fake-device/telsh/handler.go:75.29,77.3 1 0
github.com/p12s/fake-device/telsh/handler.go:79.2,95.17 2 0
github.com/p12s/fake-device/telsh/handler.go:97.57,98.24 1 0
github.com/p12s/fake-device/telsh/handler.go:98.24,100.3 1 0
github.com/p12s/fake-device/telsh/handler.go:102.2,108.20 5 0
github.com/p12s/fake-device/telsh/handler.go:111.81,112.24 1 0
github.com/p12s/fake-device/telsh/handler.go:112.24,114.3 1 0
github.com/p12s/fake-device/telsh/handler.go:116.2,116.31 1 0
github.com/p12s/fake-device/telsh/handler.go:119.81,120.24 1 0
github.com/p12s/fake-device/telsh/handler.go:120.24,122.3 1 0
github.com/p12s/fake-device/telsh/handler.go:124.2,124.32 1 0
github.com/p12s/fake-device/telsh/handler.go:127.81,128.24 1 0
github.com/p12s/fake-device/telsh/handler.go:128.24,130.3 1 0
github.com/p12s/fake-device/telsh/handler.go:132.2,132.32 1 0
github.com/p12s/fake-device/telsh/help.go:14.48,20.2 2 0
github.com/p12s/fake-device/telsh/help.go:22.90,24.2 1 0
github.com/p12s/fake-device/telsh/help.go:40.78,60.2 5 0
github.com/p12s/fake-device/telsh/help.go:62.49,63.24 1 0
github.com/p12s/fake-device/telsh/help.go:63.24,65.3 1 0
github.com/p12s/fake-device/telsh/help.go:68.2,70.63 3 0
github.com/p12s/fake-device/telsh/help.go:70.63,73.3 2 0
github.com/p12s/fake-device/telsh/help.go:74.2,76.27 3 0
github.com/p12s/fake-device/telsh/help.go:76.27,79.3 2 0
github.com/p12s/fake-device/telsh/help.go:81.2,85.20 4 0
github.com/p12s/fake-device/telsh/help.go:88.73,89.24 1 0
github.com/p12s/fake-device/telsh/help.go:89.24,91.3 1 0
github.com/p12s/fake-device/telsh/help.go:93.2,93.31 1 0
github.com/p12s/fake-device/telsh/help.go:96.73,97.24 1 0
github.com/p12s/fake-device/telsh/help.go:97.24,99.3 1 0
github.com/p12s/fake-device/telsh/help.go:101.2,101.32 1 0
github.com/p12s/fake-device/telsh/help.go:104.73,105.24 1 0
github.com/p12s/fake-device/telsh/help.go:105.24,107.3 1 0
github.com/p12s/fake-device/telsh/help.go:109.2,109.32 1 0
github.com/p12s/fake-device/telsh/producer.go:30.89,32.2 1 0
github.com/p12s/fake-device/telsh/telnet_handler.go:76.38,92.2 3 13
github.com/p12s/fake-device/telsh/telnet_handler.go:94.71,100.2 4 0
github.com/p12s/fake-device/telsh/telnet_handler.go:102.83,103.51 1 0
github.com/p12s/fake-device/telsh/telnet_handler.go:103.51,104.13 1 0
github.com/p12s/fake-device/telsh/telnet_handler.go:107.2,107.10 1 0
github.com/p12s/fake-device/telsh/telnet_handler.go:110.88,111.75 1 0
github.com/p12s/fake-device/telsh/telnet_handler.go:111.75,113.3 1 0
github.com/p12s/fake-device/telsh/telnet_handler.go:115.2,117.35 2 0
github.com/p12s/fake-device/telsh/telnet_handler.go:120.100,121.65 1 0
github.com/p12s/fake-device/telsh/telnet_handler.go:121.65,122.13 1 0
github.com/p12s/fake-device/telsh/telnet_handler.go:125.2,125.10 1 0
github.com/p12s/fake-device/telsh/telnet_handler.go:128.62,134.2 4 0
github.com/p12s/fake-device/telsh/telnet_handler.go:136.74,137.49 1 0
github.com/p12s/fake-device/telsh/telnet_handler.go:137.49,138.13 1 0
github.com/p12s/fake-device/telsh/telnet_handler.go:141.2,141.10 1 0
github.com/p12s/fake-device/telsh/telnet_handler.go:144.100,146.19 2 13
github.com/p12s/fake-device/telsh/telnet_handler.go:146.19,148.3 1 13
github.com/p12s/fake-device/telsh/telnet_handler.go:150.2,161.70 9 13
github.com/p12s/fake-device/telsh/telnet_handler.go:161.70,164.3 2 0
github.com/p12s/fake-device/telsh/telnet_handler.go:165.2,169.75 3 13
github.com/p12s/fake-device/telsh/telnet_handler.go:169.75,172.3 2 0
github.com/p12s/fake-device/telsh/telnet_handler.go:173.2,180.6 5 13
github.com/p12s/fake-device/telsh/telnet_handler.go:180.6,181.33 1 79
github.com/p12s/fake-device/telsh/telnet_handler.go:181.33,185.4 3 0
github.com/p12s/fake-device/telsh/telnet_handler.go:188.3,189.27 2 79
github.com/p12s/fake-device/telsh/telnet_handler.go:189.27,190.12 1 0
github.com/p12s/fake-device/telsh/telnet_handler.go:191.9,191.34 1 79
github.com/p12s/fake-device/telsh/telnet_handler.go:191.34,192.9 1 13
github.com/p12s/fake-device/telsh/telnet_handler.go:195.3,198.19 2 66
github.com/p12s/fake-device/telsh/telnet_handler.go:198.19,201.17 2 13
github.com/p12s/fake-device/telsh/telnet_handler.go:202.20,207.81 4 13
github.com/p12s/fake-device/telsh/telnet_handler.go:207.81,210.6 2 0
github.com/p12s/fake-device/telsh/telnet_handler.go:211.5,212.13 2 13
github.com/p12s/fake-device/telsh/telnet_handler.go:213.23,216.65 3 0
github.com/p12s/fake-device/telsh/telnet_handler.go:216.65,219.65 3 0
github.com/p12s/fake-device/telsh/telnet_handler.go:219.65,222.7 2 0
github.com/p12s/fake-device/telsh/telnet_handler.go:223.6,223.53 1 0
github.com/p12s/fake-device/telsh/telnet_handler.go:224.11,227.79 3 0
github.com/p12s/fake-device/telsh/telnet_handler.go:227.79,230.7 2 0
github.com/p12s/fake-device/telsh/telnet_handler.go:231.6,231.70 1 0
github.com/p12s/fake-device/telsh/telnet_handler.go:233.5,235.13 3 0
github.com/p12s/fake-device/telsh/telnet_handler.go:238.4,238.28 1 0
github.com/p12s/fake-device/telsh/telnet_handler.go:238.28,240.64 2 0
github.com/p12s/fake-device/telsh/telnet_handler.go:240.64,242.6 1 0
github.com/p12s/fake-device/telsh/telnet_handler.go:243.5,243.13 1 0
github.com/p12s/fake-device/telsh/telnet_handler.go:247.4,250.24 4 0
github.com/p12s/fake-device/telsh/telnet_handler.go:250.24,252.64 2 0
github.com/p12s/fake-device/telsh/telnet_handler.go:252.64,254.6 1 0
github.com/p12s/fake-device/telsh/telnet_handler.go:255.5,255.13 1 0
github.com/p12s/fake-device/telsh/telnet_handler.go:258.4,260.18 2 0
github.com/p12s/fake-device/telsh/telnet_handler.go:261.51,263.11 2 0
github.com/p12s/fake-device/telsh/telnet_handler.go:265.27,266.81 1 0
github.com/p12s/fake-device/telsh/telnet_handler.go:266.81,268.6 1 0
github.com/p12s/fake-device/telsh/telnet_handler.go:269.5,270.64 2 0
github.com/p12s/fake-device/telsh/telnet_handler.go:270.64,272.6 1 0
github.com/p12s/fake-device/telsh/telnet_handler.go:273.5,273.13 1 0
github.com/p12s/fake-device/telsh/telnet_handler.go:275.30,276.25 1 0
github.com/p12s/fake-device/telsh/telnet_handler.go:276.25,278.6 1 0
github.com/p12s/fake-device/telsh/telnet_handler.go:279.5,281.64 3 0
github.com/p12s/fake-device/telsh/telnet_handler.go:281.64,283.6 1 0
github.com/p12s/fake-device/telsh/telnet_handler.go:284.5,284.13 1 0
github.com/p12s/fake-device/telsh/telnet_handler.go:286.42,287.43 1 0
github.com/p12s/fake-device/telsh/telnet_handler.go:289.42,290.41 1 0
github.com/p12s/fake-device/telsh/telnet_handler.go:291.41,292.42 1 0
github.com/p12s/fake-device/telsh/telnet_handler.go:295.4,295.37 1 0
github.com/p12s/fake-device/telsh/telnet_handler.go:295.37,297.5 1 0
github.com/p12s/fake-device/telsh/telnet_handler.go:299.4,306.11 6 0
github.com/p12s/fake-device/telsh/telnet_handler.go:306.11,310.5 3 0
github.com/p12s/fake-device/telsh/telnet_handler.go:312.4,312.23 1 0
github.com/p12s/fake-device/telsh/telnet_handler.go:312.23,317.64 4 0
github.com/p12s/fake-device/telsh/telnet_handler.go:317.64,319.6 1 0
github.com/p12s/fake-device/telsh/telnet_handler.go:320.5,320.13 1 0
github.com/p12s/fake-device/telsh/telnet_handler.go:323.4,324.22 2 0
github.com/p12s/fake-device/telsh/telnet_handler.go:324.22,330.13 5 0
github.com/p12s/fake-device/telsh/telnet_handler.go:335.4,335.59 1 0
github.com/p12s/fake-device/telsh/telnet_handler.go:335.60,337.5 0 0
github.com/p12s/fake-device/telsh/telnet_handler.go:337.10,337.32 1 0
github.com/p12s/fake-device/telsh/telnet_handler.go:337.33,339.5 0 0
github.com/p12s/fake-device/telsh/telnet_handler.go:339.10,341.5 1 0
github.com/p12s/fake-device/telsh/telnet_handler.go:343.4,343.59 1 0
github.com/p12s/fake-device/telsh/telnet_handler.go:343.60,345.5 0 0
github.com/p12s/fake-device/telsh/telnet_handler.go:345.10,345.32 1 0
github.com/p12s/fake-device/telsh/telnet_handler.go:345.33,347.5 0 0
github.com/p12s/fake-device/telsh/telnet_handler.go:347.10,349.5 1 0
github.com/p12s/fake-device/telsh/telnet_handler.go:351.4,351.40 1 0
github.com/p12s/fake-device/telsh/telnet_handler.go:351.41,353.5 0 0
github.com/p12s/fake-device/telsh/telnet_handler.go:354.4,355.63 2 0
github.com/p12s/fake-device/telsh/telnet_handler.go:355.63,357.5 1 0
github.com/p12s/fake-device/telsh/telnet_handler.go:361.3,361.17 1 53
github.com/p12s/fake-device/telsh/telnet_handler.go:361.17,362.9 1 0
github.com/p12s/fake-device/telsh/telnet_handler.go:366.2,367.8 2 13
github.com/p12s/fake-device/telsh/telnet_handler.go:370.70,373.32 2 0
github.com/p12s/fake-device/telsh/telnet_handler.go:373.32,377.7 3 0
github.com/p12s/fake-device/telsh/telnet_handler.go:377.7,380.28 2 0
github.com/p12s/fake-device/telsh/telnet_handler.go:380.28,381.13 1 0
github.com/p12s/fake-device/telsh/telnet_handler.go:382.10,382.35 1 0
github.com/p12s/fake-device/telsh/telnet_handler.go:382.35,383.10 1 0
github.com/p12s/fake-device/telsh/telnet_handler.go:388.4,388.27 1 0
